# JRE version: OpenJDK Runtime Environment Corretto-24.0.1.9.1 (24.0.1+9) (build 24.0.1+9-FR)
# Java VM: OpenJDK 64-Bit Server VM Corretto-24.0.1.9.1 (24.0.1+9-FR, mixed mode, sharing, tiered, compressed oops, compressed class ptrs, g1 gc, windows-amd64)
GC Precious Log:
 CardTable entry size: 512
 Card Set container configuration: InlinePtr #cards 4 size 8 Array Of Cards #cards 16 size 48 Howl #buckets 8 coarsen threshold 3686 Howl Bitmap #cards 512 size 80 coarsen threshold 460 Card regions per heap region 1 cards per card region 4096
 CPUs: 12 total, 12 available
 Memory: 16016M
 Large Page Support: Disabled
 NUMA Support: Disabled
 Compressed Oops: Enabled (Zero based)
 Heap Region Size: 2M
 Heap Min Capacity: 8M
 Heap Initial Capacity: 252M
 Heap Max Capacity: 4006M
 Pre-touch: Disabled
 Parallel Workers: 10
 Concurrent Workers: 3
 Concurrent Refinement Workers: 10
 Periodic GC: Disabled
Heap:
 garbage-first heap   total reserved 4102144K, committed 65536K, used 21194K [0x0000000705a00000, 0x0000000800000000)
  region size 2048K, 6 young (12288K), 2 survivors (4096K)
 Metaspace       used 34125K, committed 34496K, reserved 1114112K
  class space    used 3554K, committed 3712K, reserved 1048576K
GC Heap History (20 events):
Event: 2.691 GC heap before
{Heap before GC invocations=1 (full 0):
 garbage-first heap   total reserved 4102144K, committed 260096K, used 113595K [0x0000000705a00000, 0x0000000800000000)
  region size 2048K, 55 young (112640K), 3 survivors (6144K)
 Metaspace       used 16482K, committed 16768K, reserved 1114112K
  class space    used 1669K, committed 1792K, reserved 1048576K
}
Event: 2.697 GC heap after
{Heap after GC invocations=2 (full 0):
 garbage-first heap   total reserved 4102144K, committed 260096K, used 10126K [0x0000000705a00000, 0x0000000800000000)
  region size 2048K, 5 young (10240K), 5 survivors (10240K)
 Metaspace       used 16482K, committed 16768K, reserved 1114112K
  class space    used 1669K, committed 1792K, reserved 1048576K
}
Event: 2.902 GC heap before
{Heap before GC invocations=2 (full 0):
 garbage-first heap   total reserved 4102144K, committed 260096K, used 133006K [0x0000000705a00000, 0x0000000800000000)
  region size 2048K, 66 young (135168K), 5 survivors (10240K)
 Metaspace       used 16598K, committed 16832K, reserved 1114112K
  class space    used 1670K, committed 1792K, reserved 1048576K
}
Event: 2.908 GC heap after
{Heap after GC invocations=3 (full 0):
 garbage-first heap   total reserved 4102144K, committed 260096K, used 10503K [0x0000000705a00000, 0x0000000800000000)
  region size 2048K, 5 young (10240K), 5 survivors (10240K)
 Metaspace       used 16598K, committed 16832K, reserved 1114112K
  class space    used 1670K, committed 1792K, reserved 1048576K
}
Event: 3.020 GC heap before
{Heap before GC invocations=3 (full 0):
 garbage-first heap   total reserved 4102144K, committed 260096K, used 149767K [0x0000000705a00000, 0x0000000800000000)
  region size 2048K, 74 young (151552K), 5 survivors (10240K)
 Metaspace       used 16702K, committed 16960K, reserved 1114112K
  class space    used 1671K, committed 1792K, reserved 1048576K
}
Event: 3.026 GC heap after
{Heap after GC invocations=4 (full 0):
 garbage-first heap   total reserved 4102144K, committed 260096K, used 10656K [0x0000000705a00000, 0x0000000800000000)
  region size 2048K, 5 young (10240K), 5 survivors (10240K)
 Metaspace       used 16702K, committed 16960K, reserved 1114112K
  class space    used 1671K, committed 1792K, reserved 1048576K
}
Event: 3.164 GC heap before
{Heap before GC invocations=4 (full 0):
 garbage-first heap   total reserved 4102144K, committed 260096K, used 151968K [0x0000000705a00000, 0x0000000800000000)
  region size 2048K, 75 young (153600K), 5 survivors (10240K)
 Metaspace       used 16716K, committed 16960K, reserved 1114112K
  class space    used 1671K, committed 1792K, reserved 1048576K
}
Event: 3.169 GC heap after
{Heap after GC invocations=5 (full 0):
 garbage-first heap   total reserved 4102144K, committed 260096K, used 11376K [0x0000000705a00000, 0x0000000800000000)
  region size 2048K, 5 young (10240K), 5 survivors (10240K)
 Metaspace       used 16716K, committed 16960K, reserved 1114112K
  class space    used 1671K, committed 1792K, reserved 1048576K
}
Event: 3.291 GC heap before
{Heap before GC invocations=5 (full 0):
 garbage-first heap   total reserved 4102144K, committed 260096K, used 152688K [0x0000000705a00000, 0x0000000800000000)
  region size 2048K, 75 young (153600K), 5 survivors (10240K)
 Metaspace       used 16721K, committed 16960K, reserved 1114112K
  class space    used 1671K, committed 1792K, reserved 1048576K
}
Event: 3.297 GC heap after
{Heap after GC invocations=6 (full 0):
 garbage-first heap   total reserved 4102144K, committed 260096K, used 12259K [0x0000000705a00000, 0x0000000800000000)
  region size 2048K, 6 young (12288K), 6 survivors (12288K)
 Metaspace       used 16721K, committed 16960K, reserved 1114112K
  class space    used 1671K, committed 1792K, reserved 1048576K
}
Event: 4.194 GC heap before
{Heap before GC invocations=6 (full 0):
 garbage-first heap   total reserved 4102144K, committed 260096K, used 151523K [0x0000000705a00000, 0x0000000800000000)
  region size 2048K, 75 young (153600K), 6 survivors (12288K)
 Metaspace       used 20605K, committed 20928K, reserved 1114112K
  class space    used 2114K, committed 2240K, reserved 1048576K
}
Event: 4.201 GC heap after
{Heap after GC invocations=7 (full 0):
 garbage-first heap   total reserved 4102144K, committed 364544K, used 13303K [0x0000000705a00000, 0x0000000800000000)
  region size 2048K, 6 young (12288K), 6 survivors (12288K)
 Metaspace       used 20605K, committed 20928K, reserved 1114112K
  class space    used 2114K, committed 2240K, reserved 1048576K
}
Event: 4.352 GC heap before
{Heap before GC invocations=7 (full 0):
 garbage-first heap   total reserved 4102144K, committed 364544K, used 21495K [0x0000000705a00000, 0x0000000800000000)
  region size 2048K, 11 young (22528K), 6 survivors (12288K)
 Metaspace       used 21200K, committed 21504K, reserved 1114112K
  class space    used 2198K, committed 2368K, reserved 1048576K
}
Event: 4.357 GC heap after
{Heap after GC invocations=8 (full 0):
 garbage-first heap   total reserved 4102144K, committed 364544K, used 13400K [0x0000000705a00000, 0x0000000800000000)
  region size 2048K, 6 young (12288K), 6 survivors (12288K)
 Metaspace       used 21200K, committed 21504K, reserved 1114112K
  class space    used 2198K, committed 2368K, reserved 1048576K
}
Event: 6.685 GC heap before
{Heap before GC invocations=9 (full 0):
 garbage-first heap   total reserved 4102144K, committed 49152K, used 48216K [0x0000000705a00000, 0x0000000800000000)
  region size 2048K, 23 young (47104K), 6 survivors (12288K)
 Metaspace       used 25170K, committed 25536K, reserved 1114112K
  class space    used 2569K, committed 2752K, reserved 1048576K
}
Event: 6.697 GC heap after
{Heap after GC invocations=10 (full 0):
 garbage-first heap   total reserved 4102144K, committed 65536K, used 16298K [0x0000000705a00000, 0x0000000800000000)
  region size 2048K, 8 young (16384K), 8 survivors (16384K)
 Metaspace       used 25170K, committed 25536K, reserved 1114112K
  class space    used 2569K, committed 2752K, reserved 1048576K
}
Event: 7.922 GC heap before
{Heap before GC invocations=10 (full 0):
 garbage-first heap   total reserved 4102144K, committed 65536K, used 40874K [0x0000000705a00000, 0x0000000800000000)
  region size 2048K, 19 young (38912K), 8 survivors (16384K)
 Metaspace       used 31529K, committed 31936K, reserved 1114112K
  class space    used 3354K, committed 3520K, reserved 1048576K
}
Event: 7.936 GC heap after
{Heap after GC invocations=11 (full 0):
 garbage-first heap   total reserved 4102144K, committed 65536K, used 15195K [0x0000000705a00000, 0x0000000800000000)
  region size 2048K, 2 young (4096K), 2 survivors (4096K)
 Metaspace       used 31529K, committed 31936K, reserved 1114112K
  class space    used 3354K, committed 3520K, reserved 1048576K
}
Event: 10396.456 GC heap before
{Heap before GC invocations=11 (full 0):
 garbage-first heap   total reserved 4102144K, committed 65536K, used 47963K [0x0000000705a00000, 0x0000000800000000)
  region size 2048K, 19 young (38912K), 2 survivors (4096K)
 Metaspace       used 33652K, committed 34112K, reserved 1114112K
  class space    used 3519K, committed 3712K, reserved 1048576K
}
Event: 10396.504 GC heap after
{Heap after GC invocations=12 (full 0):
 garbage-first heap   total reserved 4102144K, committed 65536K, used 15050K [0x0000000705a00000, 0x0000000800000000)
  region size 2048K, 2 young (4096K), 2 survivors (4096K)
 Metaspace       used 33652K, committed 34112K, reserved 1114112K
  class space    used 3519K, committed 3712K, reserved 1048576K
}

