# JRE version: OpenJDK Runtime Environment Corretto-24.0.1.9.1 (24.0.1+9) (build 24.0.1+9-FR)
# Java VM: OpenJDK 64-Bit Server VM Corretto-24.0.1.9.1 (24.0.1+9-FR, mixed mode, sharing, tiered, compressed oops, compressed class ptrs, g1 gc, windows-amd64)
GC Precious Log:
 CardTable entry size: 512
 Card Set container configuration: InlinePtr #cards 4 size 8 Array Of Cards #cards 16 size 48 Howl #buckets 8 coarsen threshold 3686 Howl Bitmap #cards 512 size 80 coarsen threshold 460 Card regions per heap region 1 cards per card region 4096
 CPUs: 12 total, 12 available
 Memory: 16016M
 Large Page Support: Disabled
 NUMA Support: Disabled
 Compressed Oops: Enabled (Zero based)
 Heap Region Size: 2M
 Heap Min Capacity: 8M
 Heap Initial Capacity: 252M
 Heap Max Capacity: 4006M
 Pre-touch: Disabled
 Parallel Workers: 10
 Concurrent Workers: 3
 Concurrent Refinement Workers: 10
 Periodic GC: Disabled
Heap:
 garbage-first heap   total reserved 4102144K, committed 65536K, used 32111K [0x0000000705a00000, 0x0000000800000000)
  region size 2048K, 8 young (16384K), 1 survivors (2048K)
 Metaspace       used 34571K, committed 35136K, reserved 1114112K
  class space    used 3624K, committed 3904K, reserved 1048576K
GC Heap History (20 events):
Event: 5.287 GC heap before
{Heap before GC invocations=5 (full 0):
 garbage-first heap   total reserved 4102144K, committed 260096K, used 151231K [0x0000000705a00000, 0x0000000800000000)
  region size 2048K, 75 young (153600K), 6 survivors (12288K)
 Metaspace       used 16800K, committed 17088K, reserved 1114112K
  class space    used 1706K, committed 1856K, reserved 1048576K
}
Event: 5.293 GC heap after
{Heap after GC invocations=6 (full 0):
 garbage-first heap   total reserved 4102144K, committed 260096K, used 12937K [0x0000000705a00000, 0x0000000800000000)
  region size 2048K, 6 young (12288K), 6 survivors (12288K)
 Metaspace       used 16800K, committed 17088K, reserved 1114112K
  class space    used 1706K, committed 1856K, reserved 1048576K
}
Event: 5.394 GC heap before
{Heap before GC invocations=6 (full 0):
 garbage-first heap   total reserved 4102144K, committed 260096K, used 152201K [0x0000000705a00000, 0x0000000800000000)
  region size 2048K, 75 young (153600K), 6 survivors (12288K)
 Metaspace       used 16826K, committed 17152K, reserved 1114112K
  class space    used 1708K, committed 1856K, reserved 1048576K
}
Event: 5.402 GC heap after
{Heap after GC invocations=7 (full 0):
 garbage-first heap   total reserved 4102144K, committed 321536K, used 13256K [0x0000000705a00000, 0x0000000800000000)
  region size 2048K, 4 young (8192K), 4 survivors (8192K)
 Metaspace       used 16826K, committed 17152K, reserved 1114112K
  class space    used 1708K, committed 1856K, reserved 1048576K
}
Event: 5.552 GC heap before
{Heap before GC invocations=7 (full 0):
 garbage-first heap   total reserved 4102144K, committed 321536K, used 195528K [0x0000000705a00000, 0x0000000800000000)
  region size 2048K, 94 young (192512K), 4 survivors (8192K)
 Metaspace       used 16872K, committed 17216K, reserved 1114112K
  class space    used 1716K, committed 1856K, reserved 1048576K
}
Event: 5.557 GC heap after
{Heap after GC invocations=8 (full 0):
 garbage-first heap   total reserved 4102144K, committed 321536K, used 12873K [0x0000000705a00000, 0x0000000800000000)
  region size 2048K, 3 young (6144K), 3 survivors (6144K)
 Metaspace       used 16872K, committed 17216K, reserved 1114112K
  class space    used 1716K, committed 1856K, reserved 1048576K
}
Event: 7.421 GC heap before
{Heap before GC invocations=8 (full 0):
 garbage-first heap   total reserved 4102144K, committed 321536K, used 162377K [0x0000000705a00000, 0x0000000800000000)
  region size 2048K, 78 young (159744K), 3 survivors (6144K)
 Metaspace       used 21228K, committed 21504K, reserved 1114112K
  class space    used 2210K, committed 2304K, reserved 1048576K
}
Event: 7.426 GC heap after
{Heap after GC invocations=9 (full 0):
 garbage-first heap   total reserved 4102144K, committed 321536K, used 13899K [0x0000000705a00000, 0x0000000800000000)
  region size 2048K, 4 young (8192K), 4 survivors (8192K)
 Metaspace       used 21228K, committed 21504K, reserved 1114112K
  class space    used 2210K, committed 2304K, reserved 1048576K
}
Event: 11.686 GC heap before
{Heap before GC invocations=10 (full 0):
 garbage-first heap   total reserved 4102144K, committed 55296K, used 52811K [0x0000000705a00000, 0x0000000800000000)
  region size 2048K, 23 young (47104K), 4 survivors (8192K)
 Metaspace       used 23469K, committed 23872K, reserved 1114112K
  class space    used 2474K, committed 2688K, reserved 1048576K
}
Event: 11.695 GC heap after
{Heap after GC invocations=11 (full 0):
 garbage-first heap   total reserved 4102144K, committed 65536K, used 15591K [0x0000000705a00000, 0x0000000800000000)
  region size 2048K, 5 young (10240K), 5 survivors (10240K)
 Metaspace       used 23469K, committed 23872K, reserved 1114112K
  class space    used 2474K, committed 2688K, reserved 1048576K
}
Event: 13.500 GC heap before
{Heap before GC invocations=11 (full 0):
 garbage-first heap   total reserved 4102144K, committed 65536K, used 46311K [0x0000000705a00000, 0x0000000800000000)
  region size 2048K, 19 young (38912K), 5 survivors (10240K)
 Metaspace       used 31785K, committed 32256K, reserved 1114112K
  class space    used 3420K, committed 3584K, reserved 1048576K
}
Event: 13.517 GC heap after
{Heap after GC invocations=12 (full 0):
 garbage-first heap   total reserved 4102144K, committed 65536K, used 18697K [0x0000000705a00000, 0x0000000800000000)
  region size 2048K, 3 young (6144K), 3 survivors (6144K)
 Metaspace       used 31785K, committed 32256K, reserved 1114112K
  class space    used 3420K, committed 3584K, reserved 1048576K
}
Event: 110.471 GC heap before
{Heap before GC invocations=12 (full 0):
 garbage-first heap   total reserved 4102144K, committed 65536K, used 49417K [0x0000000705a00000, 0x0000000800000000)
  region size 2048K, 19 young (38912K), 3 survivors (6144K)
 Metaspace       used 33986K, committed 34496K, reserved 1114112K
  class space    used 3589K, committed 3776K, reserved 1048576K
}
Event: 110.477 GC heap after
{Heap after GC invocations=13 (full 0):
 garbage-first heap   total reserved 4102144K, committed 65536K, used 19921K [0x0000000705a00000, 0x0000000800000000)
  region size 2048K, 3 young (6144K), 3 survivors (6144K)
 Metaspace       used 33986K, committed 34496K, reserved 1114112K
  class space    used 3589K, committed 3776K, reserved 1048576K
}
Event: 247.243 GC heap before
{Heap before GC invocations=13 (full 0):
 garbage-first heap   total reserved 4102144K, committed 65536K, used 48593K [0x0000000705a00000, 0x0000000800000000)
  region size 2048K, 18 young (36864K), 3 survivors (6144K)
 Metaspace       used 34026K, committed 34496K, reserved 1114112K
  class space    used 3589K, committed 3776K, reserved 1048576K
}
Event: 247.247 GC heap after
{Heap after GC invocations=14 (full 0):
 garbage-first heap   total reserved 4102144K, committed 65536K, used 20107K [0x0000000705a00000, 0x0000000800000000)
  region size 2048K, 1 young (2048K), 1 survivors (2048K)
 Metaspace       used 34026K, committed 34496K, reserved 1114112K
  class space    used 3589K, committed 3776K, reserved 1048576K
}
Event: 251.570 GC heap before
{Heap before GC invocations=14 (full 0):
 garbage-first heap   total reserved 4102144K, committed 65536K, used 54923K [0x0000000705a00000, 0x0000000800000000)
  region size 2048K, 18 young (36864K), 1 survivors (2048K)
 Metaspace       used 34056K, committed 34496K, reserved 1114112K
  class space    used 3589K, committed 3776K, reserved 1048576K
}
Event: 251.572 GC heap after
{Heap after GC invocations=15 (full 0):
 garbage-first heap   total reserved 4102144K, committed 65536K, used 19984K [0x0000000705a00000, 0x0000000800000000)
  region size 2048K, 1 young (2048K), 1 survivors (2048K)
 Metaspace       used 34056K, committed 34496K, reserved 1114112K
  class space    used 3589K, committed 3776K, reserved 1048576K
}
Event: 8161.159 GC heap before
{Heap before GC invocations=15 (full 0):
 garbage-first heap   total reserved 4102144K, committed 65536K, used 54800K [0x0000000705a00000, 0x0000000800000000)
  region size 2048K, 18 young (36864K), 1 survivors (2048K)
 Metaspace       used 34076K, committed 34560K, reserved 1114112K
  class space    used 3589K, committed 3776K, reserved 1048576K
}
Event: 8161.184 GC heap after
{Heap after GC invocations=16 (full 0):
 garbage-first heap   total reserved 4102144K, committed 65536K, used 19823K [0x0000000705a00000, 0x0000000800000000)
  region size 2048K, 1 young (2048K), 1 survivors (2048K)
 Metaspace       used 34076K, committed 34560K, reserved 1114112K
  class space    used 3589K, committed 3776K, reserved 1048576K
}

